Change Component Designator: Old Designator=C? New Designator=C2
Change Component Designator: Old Designator=D? New Designator=D9
Change Component Designator: Old Designator=D? New Designator=D10
Change Component Designator: Old Designator=D? New Designator=D11
Change Component Designator: Old Designator=D? New Designator=D12
Change Component Designator: Old Designator=D? New Designator=D13
Change Component Designator: Old Designator=D? New Designator=D14
Change Component Designator: Old Designator=D? New Designator=D15
Change Component Designator: Old Designator=D? New Designator=D16
Change Component Designator: Old Designator=P? New Designator=P2
Change Component Designator: Old Designator=P? New Designator=P3
Change Component Designator: Old Designator=PHOTO? New Designator=PHOTO9
Change Component Designator: Old Designator=PHOTO? New Designator=PHOTO10
Change Component Designator: Old Designator=PHOTO? New Designator=PHOTO11
Change Component Designator: Old Designator=PHOTO? New Designator=PHOTO12
Change Component Designator: Old Designator=PHOTO? New Designator=PHOTO13
Change Component Designator: Old Designator=PHOTO? New Designator=PHOTO14
Change Component Designator: Old Designator=PHOTO? New Designator=PHOTO15
Change Component Designator: Old Designator=PHOTO? New Designator=PHOTO16
Change Component Designator: Old Designator=Q? New Designator=Q3
Change Component Designator: Old Designator=Q? New Designator=Q4
Change Component Designator: Old Designator=Q? New Designator=Q5
Change Component Designator: Old Designator=Q? New Designator=Q6
Change Component Designator: Old Designator=Q? New Designator=Q7
Change Component Designator: Old Designator=Q? New Designator=Q8
Change Component Designator: Old Designator=Q? New Designator=Q9
Change Component Designator: Old Designator=Q? New Designator=Q10
Change Component Designator: Old Designator=R? New Designator=R2
Change Component Designator: Old Designator=U? New Designator=U2
Change Component Designator: Old Designator=VR? New Designator=VR2
